<?xml version="1.0" encoding="UTF-8"?>
<testng-results skipped="0" failed="1" ignored="0" total="1" passed="0">
  <reporter-output>
  </reporter-output>
  <suite name="Default suite" duration-ms="70350" started-at="2020-03-13T14:52:56 WIB" finished-at="2020-03-13T14:54:07 WIB">
    <groups>
    </groups>
    <test name="Default test" duration-ms="70350" started-at="2020-03-13T14:52:56 WIB" finished-at="2020-03-13T14:54:07 WIB">
      <class name="sampleproject.LandscapeTests">
        <test-method status="PASS" signature="setup()[pri:0, instance:sampleproject.LandscapeTests@1f57539]" name="setup" is-config="true" duration-ms="41890" started-at="2020-03-13T14:52:56 WIB" finished-at="2020-03-13T14:53:38 WIB">
          <reporter-output>
          </reporter-output>
        </test-method> <!-- setup -->
        <test-method status="FAIL" signature="testOne()[pri:0, instance:sampleproject.LandscapeTests@1f57539]" name="testOne" duration-ms="27327" started-at="2020-03-13T14:53:38 WIB" finished-at="2020-03-13T14:54:06 WIB">
          <exception class="org.openqa.selenium.NoSuchElementException">
            <message>
              <![CDATA['Rod Collins' identifier didn't match any elements
For documentation on this error, please visit: https://www.seleniumhq.org/exceptions/no_such_element.html
Build info: version: '3.141.59', revision: 'e82be7d358', time: '2018-11-14T08:17:03'
System info: host: 'mitrais-3.local', ip: 'fe80:0:0:0:8fa:870a:5fc6:7bd4%en0', os.name: 'Mac OS X', os.arch: 'x86_64', os.version: '10.15.3', java.version: '1.8.0_121'
Driver info: io.appium.java_client.ios.IOSDriver
Capabilities {app: /Users/rahman/Desktop/Books..., browserName: , databaseEnabled: false, deviceName: iPhone 11 Pro Max, javascriptEnabled: true, locationContextEnabled: false, networkConnectionEnabled: false, noReset: true, platform: MAC, platformName: iOS, platformVersion: 13.3, takesScreenshot: true, udid: AE434467-B415-40BD-88E3-AB1..., webStorageEnabled: false}
Session ID: 46ef30cc-f053-4149-b8d7-ed5b87848e94]]>
            </message>
            <full-stacktrace>
              <![CDATA[org.openqa.selenium.NoSuchElementException: 'Rod Collins' identifier didn't match any elements
For documentation on this error, please visit: https://www.seleniumhq.org/exceptions/no_such_element.html
Build info: version: '3.141.59', revision: 'e82be7d358', time: '2018-11-14T08:17:03'
System info: host: 'mitrais-3.local', ip: 'fe80:0:0:0:8fa:870a:5fc6:7bd4%en0', os.name: 'Mac OS X', os.arch: 'x86_64', os.version: '10.15.3', java.version: '1.8.0_121'
Driver info: io.appium.java_client.ios.IOSDriver
Capabilities {app: /Users/rahman/Desktop/Books..., browserName: , databaseEnabled: false, deviceName: iPhone 11 Pro Max, javascriptEnabled: true, locationContextEnabled: false, networkConnectionEnabled: false, noReset: true, platform: MAC, platformName: iOS, platformVersion: 13.3, takesScreenshot: true, udid: AE434467-B415-40BD-88E3-AB1..., webStorageEnabled: false}
Session ID: 46ef30cc-f053-4149-b8d7-ed5b87848e94
at sun.reflect.NativeConstructorAccessorImpl.newInstance0(Native Method)
at sun.reflect.NativeConstructorAccessorImpl.newInstance(NativeConstructorAccessorImpl.java:62)
at sun.reflect.DelegatingConstructorAccessorImpl.newInstance(DelegatingConstructorAccessorImpl.java:45)
at java.lang.reflect.Constructor.newInstance(Constructor.java:423)
at org.openqa.selenium.remote.http.W3CHttpResponseCodec.createException(W3CHttpResponseCodec.java:187)
at org.openqa.selenium.remote.http.W3CHttpResponseCodec.decode(W3CHttpResponseCodec.java:122)
at org.openqa.selenium.remote.http.W3CHttpResponseCodec.decode(W3CHttpResponseCodec.java:49)
at org.openqa.selenium.remote.HttpCommandExecutor.execute(HttpCommandExecutor.java:158)
at io.appium.java_client.remote.AppiumCommandExecutor.execute(AppiumCommandExecutor.java:239)
at org.openqa.selenium.remote.RemoteWebDriver.execute(RemoteWebDriver.java:552)
at io.appium.java_client.DefaultGenericMobileDriver.execute(DefaultGenericMobileDriver.java:41)
at io.appium.java_client.AppiumDriver.execute(AppiumDriver.java:1)
at io.appium.java_client.ios.IOSDriver.execute(IOSDriver.java:1)
at org.openqa.selenium.remote.RemoteWebDriver.executeScript(RemoteWebDriver.java:489)
at sampleproject.LandscapeTests.testOne(LandscapeTests.java:60)
at sun.reflect.NativeMethodAccessorImpl.invoke0(Native Method)
at sun.reflect.NativeMethodAccessorImpl.invoke(NativeMethodAccessorImpl.java:62)
at sun.reflect.DelegatingMethodAccessorImpl.invoke(DelegatingMethodAccessorImpl.java:43)
at java.lang.reflect.Method.invoke(Method.java:498)
at org.testng.internal.MethodInvocationHelper.invokeMethod(MethodInvocationHelper.java:134)
at org.testng.internal.TestInvoker.invokeMethod(TestInvoker.java:597)
at org.testng.internal.TestInvoker.invokeTestMethod(TestInvoker.java:173)
at org.testng.internal.MethodRunner.runInSequence(MethodRunner.java:46)
at org.testng.internal.TestInvoker$MethodInvocationAgent.invoke(TestInvoker.java:816)
at org.testng.internal.TestInvoker.invokeTestMethods(TestInvoker.java:146)
at org.testng.internal.TestMethodWorker.invokeTestMethods(TestMethodWorker.java:146)
at org.testng.internal.TestMethodWorker.run(TestMethodWorker.java:128)
at java.util.ArrayList.forEach(ArrayList.java:1249)
at org.testng.TestRunner.privateRun(TestRunner.java:766)
at org.testng.TestRunner.run(TestRunner.java:587)
at org.testng.SuiteRunner.runTest(SuiteRunner.java:384)
at org.testng.SuiteRunner.runSequentially(SuiteRunner.java:378)
at org.testng.SuiteRunner.privateRun(SuiteRunner.java:337)
at org.testng.SuiteRunner.run(SuiteRunner.java:286)
at org.testng.SuiteRunnerWorker.runSuite(SuiteRunnerWorker.java:53)
at org.testng.SuiteRunnerWorker.run(SuiteRunnerWorker.java:96)
at org.testng.TestNG.runSuitesSequentially(TestNG.java:1187)
at org.testng.TestNG.runSuitesLocally(TestNG.java:1109)
at org.testng.TestNG.runSuites(TestNG.java:1039)
at org.testng.TestNG.run(TestNG.java:1007)
at org.testng.remote.AbstractRemoteTestNG.run(AbstractRemoteTestNG.java:115)
at org.testng.remote.RemoteTestNG.initAndRun(RemoteTestNG.java:251)
at org.testng.remote.RemoteTestNG.main(RemoteTestNG.java:77)
]]>
            </full-stacktrace>
          </exception> <!-- org.openqa.selenium.NoSuchElementException -->
          <reporter-output>
          </reporter-output>
        </test-method> <!-- testOne -->
        <test-method status="PASS" signature="teardown()[pri:0, instance:sampleproject.LandscapeTests@1f57539]" name="teardown" is-config="true" duration-ms="1093" started-at="2020-03-13T14:54:06 WIB" finished-at="2020-03-13T14:54:07 WIB">
          <reporter-output>
          </reporter-output>
        </test-method> <!-- teardown -->
      </class> <!-- sampleproject.LandscapeTests -->
    </test> <!-- Default test -->
  </suite> <!-- Default suite -->
</testng-results>
